<?xml version="1.0" encoding="UTF-8"?>
<!-- Generated by org.testng.reporters.JUnitReportReporter -->
<testsuite hostname="DESKTOP-0VGS6HA" failures="0" tests="1" name="MyClass" time="49.826" errors="0" timestamp="2023-09-27T15:37:35 EET" skipped="0">
  <testcase classname="MyClass" name="testAlmosaferWebsite" time="49.826"/>
  <system-out/>
</testsuite> <!-- MyClass -->
