<?xml version="1.0" encoding="UTF-8"?>
<!-- Generated by org.testng.reporters.JUnitReportReporter -->
<testsuite hostname="DESKTOP-0VGS6HA" failures="0" tests="3" name="LoginProcess.ValidLoginTestCases" time="1.277" errors="0" timestamp="2023-12-02T21:34:21 EET" skipped="0">
  <testcase classname="LoginProcess.ValidLoginTestCases" name="LoginTestUsingStandardUsers" time="0.558"/>
  <system-out/>
  <testcase classname="LoginProcess.ValidLoginTestCases" name="AddToCart" time="0.024"/>
  <system-out/>
  <testcase classname="LoginProcess.ValidLoginTestCases" name="PrintTheNamesOfTheItems" time="0.695"/>
  <system-out/>
</testsuite> <!-- LoginProcess.ValidLoginTestCases -->
